(2026-04-10 00:38:08,043) [INFO]: 
                         
███████╗ █████╗ ███████╗██╗   ██╗    ████████╗███████╗ █████╗ ██████╗ 
██╔════╝██╔══██╗██╔════╝╚██╗ ██╔╝    ╚══██╔══╝██╔════╝██╔══██╗██╔══██╗
█████╗  ███████║███████╗ ╚████╔╝        ██║   ███████╗███████║██║  ██║
██╔══╝  ██╔══██║╚════██║  ╚██╔╝         ██║   ╚════██║██╔══██║██║  ██║
███████╗██║  ██║███████║   ██║          ██║   ███████║██║  ██║██████╔╝
╚══════╝╚═╝  ╚═╝╚══════╝   ╚═╝          ╚═╝   ╚══════╝╚═╝  ╚═╝╚═════╝ 
                                                                      
                         
(2026-04-10 00:38:08,044) [INFO]: Dataset Directory has been loaded.
(2026-04-10 00:49:06,284) [INFO]: 
                         
███████╗ █████╗ ███████╗██╗   ██╗    ████████╗███████╗ █████╗ ██████╗ 
██╔════╝██╔══██╗██╔════╝╚██╗ ██╔╝    ╚══██╔══╝██╔════╝██╔══██╗██╔══██╗
█████╗  ███████║███████╗ ╚████╔╝        ██║   ███████╗███████║██║  ██║
██╔══╝  ██╔══██║╚════██║  ╚██╔╝         ██║   ╚════██║██╔══██║██║  ██║
███████╗██║  ██║███████║   ██║          ██║   ███████║██║  ██║██████╔╝
╚══════╝╚═╝  ╚═╝╚══════╝   ╚═╝          ╚═╝   ╚══════╝╚═╝  ╚═╝╚═════╝ 
                                                                      
                         
(2026-04-10 00:49:06,285) [INFO]: Dataset Directory has been loaded.
(2026-04-10 00:59:32,261) [INFO]: 
                         
███████╗ █████╗ ███████╗██╗   ██╗    ████████╗███████╗ █████╗ ██████╗ 
██╔════╝██╔══██╗██╔════╝╚██╗ ██╔╝    ╚══██╔══╝██╔════╝██╔══██╗██╔══██╗
█████╗  ███████║███████╗ ╚████╔╝        ██║   ███████╗███████║██║  ██║
██╔══╝  ██╔══██║╚════██║  ╚██╔╝         ██║   ╚════██║██╔══██║██║  ██║
███████╗██║  ██║███████║   ██║          ██║   ███████║██║  ██║██████╔╝
╚══════╝╚═╝  ╚═╝╚══════╝   ╚═╝          ╚═╝   ╚══════╝╚═╝  ╚═╝╚═════╝ 
                                                                      
                         
(2026-04-10 00:59:32,262) [INFO]: Dataset Directory has been loaded.
(2026-04-10 00:59:32,262) [INFO]: Run Experiments. Method[PGRF], Schema[mts].
(2026-04-10 00:59:32,262) [INFO]: Use Function Parameters.
(2026-04-10 00:59:32,262) [INFO]:     [Load Data] DataSets: PSM 
(2026-04-10 00:59:32,281) [INFO]:     [PGRF] handling dataset PSM | curve AllInOne 
(2026-04-10 01:01:51,767) [INFO]: 
                         
███████╗ █████╗ ███████╗██╗   ██╗    ████████╗███████╗ █████╗ ██████╗ 
██╔════╝██╔══██╗██╔════╝╚██╗ ██╔╝    ╚══██╔══╝██╔════╝██╔══██╗██╔══██╗
█████╗  ███████║███████╗ ╚████╔╝        ██║   ███████╗███████║██║  ██║
██╔══╝  ██╔══██║╚════██║  ╚██╔╝         ██║   ╚════██║██╔══██║██║  ██║
███████╗██║  ██║███████║   ██║          ██║   ███████║██║  ██║██████╔╝
╚══════╝╚═╝  ╚═╝╚══════╝   ╚═╝          ╚═╝   ╚══════╝╚═╝  ╚═╝╚═════╝ 
                                                                      
                         
(2026-04-10 01:01:51,768) [INFO]: Dataset Directory has been loaded.
(2026-04-10 01:01:51,768) [INFO]: Run Experiments. Method[PGRF], Schema[mts].
(2026-04-10 01:01:51,768) [INFO]: Use Function Parameters.
(2026-04-10 01:01:51,768) [INFO]:     [Load Data (All)] DataSets: PSM 
(2026-04-10 01:01:51,784) [INFO]:     [PGRF] handling dataset PSM | curve AllInOne 
(2026-04-10 01:22:59,521) [INFO]: 
                         
███████╗ █████╗ ███████╗██╗   ██╗    ████████╗███████╗ █████╗ ██████╗ 
██╔════╝██╔══██╗██╔════╝╚██╗ ██╔╝    ╚══██╔══╝██╔════╝██╔══██╗██╔══██╗
█████╗  ███████║███████╗ ╚████╔╝        ██║   ███████╗███████║██║  ██║
██╔══╝  ██╔══██║╚════██║  ╚██╔╝         ██║   ╚════██║██╔══██║██║  ██║
███████╗██║  ██║███████║   ██║          ██║   ███████║██║  ██║██████╔╝
╚══════╝╚═╝  ╚═╝╚══════╝   ╚═╝          ╚═╝   ╚══════╝╚═╝  ╚═╝╚═════╝ 
                                                                      
                         
(2026-04-10 01:22:59,522) [INFO]: Dataset Directory has been loaded.
(2026-04-10 01:22:59,522) [INFO]: Run Experiments. Method[PGRF], Schema[mts].
(2026-04-10 01:22:59,522) [INFO]: Use Function Parameters.
(2026-04-10 01:22:59,522) [INFO]:     [Load Data (All)] DataSets: PSM 
(2026-04-10 01:22:59,538) [INFO]:     [PGRF] handling dataset PSM | curve AllInOne 
(2026-04-10 01:23:29,615) [INFO]: 
                         
███████╗ █████╗ ███████╗██╗   ██╗    ████████╗███████╗ █████╗ ██████╗ 
██╔════╝██╔══██╗██╔════╝╚██╗ ██╔╝    ╚══██╔══╝██╔════╝██╔══██╗██╔══██╗
█████╗  ███████║███████╗ ╚████╔╝        ██║   ███████╗███████║██║  ██║
██╔══╝  ██╔══██║╚════██║  ╚██╔╝         ██║   ╚════██║██╔══██║██║  ██║
███████╗██║  ██║███████║   ██║          ██║   ███████║██║  ██║██████╔╝
╚══════╝╚═╝  ╚═╝╚══════╝   ╚═╝          ╚═╝   ╚══════╝╚═╝  ╚═╝╚═════╝ 
                                                                      
                         
(2026-04-10 01:23:29,616) [INFO]: Dataset Directory has been loaded.
(2026-04-10 01:23:29,616) [INFO]: Run Experiments. Method[KANAD], Schema[all_in_one].
(2026-04-10 01:23:29,616) [INFO]: Use Function Parameters.
(2026-04-10 01:23:29,616) [INFO]:     [Load Data (All)] DataSets: PSM 
(2026-04-10 01:23:29,673) [INFO]:     [KANAD] training dataset PSM
